# JRE version: Java(TM) SE Runtime Environment (8.0_281-b09) (build 1.8.0_281-b09)
# Java VM: Java HotSpot(TM) 64-Bit Server VM (25.281-b09 mixed mode windows-amd64 compressed oops)
Heap:
 PSYoungGen      total 56320K, used 50468K [0x0000000780000000, 0x0000000787600000, 0x00000007c0000000)
  eden space 48128K, 87% used [0x0000000780000000,0x000000078294e270,0x0000000782f00000)
  from space 8192K, 99% used [0x0000000783000000,0x00000007837fafe8,0x0000000783800000)
  to   space 36352K, 0% used [0x0000000785280000,0x0000000785280000,0x0000000787600000)
 ParOldGen       total 131072K, used 42779K [0x0000000700000000, 0x0000000708000000, 0x0000000780000000)
  object space 131072K, 32% used [0x0000000700000000,0x00000007029c6fb0,0x0000000708000000)
 Metaspace       used 18325K, capacity 18510K, committed 18688K, reserved 1064960K
  class space    used 2133K, capacity 2222K, committed 2304K, reserved 1048576K
GC Heap History (10 events):
Event: 4.557 GC heap before
{Heap before GC invocations=1 (full 0):
 PSYoungGen      total 57344K, used 49152K [0x0000000780000000, 0x0000000784000000, 0x00000007c0000000)
  eden space 49152K, 100% used [0x0000000780000000,0x0000000783000000,0x0000000783000000)
  from space 8192K, 0% used [0x0000000783800000,0x0000000783800000,0x0000000784000000)
  to   space 8192K, 0% used [0x0000000783000000,0x0000000783000000,0x0000000783800000)
 ParOldGen       total 131072K, used 0K [0x0000000700000000, 0x0000000708000000, 0x0000000780000000)
  object space 131072K, 0% used [0x0000000700000000,0x0000000700000000,0x0000000708000000)
 Metaspace       used 9266K, capacity 9404K, committed 9600K, reserved 1058816K
  class space    used 1000K, capacity 1041K, committed 1152K, reserved 1048576K
Event: 4.569 GC heap after
Heap after GC invocations=1 (full 0):
 PSYoungGen      total 57344K, used 6161K [0x0000000780000000, 0x0000000784000000, 0x00000007c0000000)
  eden space 49152K, 0% used [0x0000000780000000,0x0000000780000000,0x0000000783000000)
  from space 8192K, 75% used [0x0000000783000000,0x0000000783604778,0x0000000783800000)
  to   space 8192K, 0% used [0x0000000783800000,0x0000000783800000,0x0000000784000000)
 ParOldGen       total 131072K, used 8K [0x0000000700000000, 0x0000000708000000, 0x0000000780000000)
  object space 131072K, 0% used [0x0000000700000000,0x0000000700002000,0x0000000708000000)
 Metaspace       used 9266K, capacity 9404K, committed 9600K, reserved 1058816K
  class space    used 1000K, capacity 1041K, committed 1152K, reserved 1048576K
}
Event: 6.326 GC heap before
{Heap before GC invocations=2 (full 0):
 PSYoungGen      total 57344K, used 55313K [0x0000000780000000, 0x0000000784000000, 0x00000007c0000000)
  eden space 49152K, 100% used [0x0000000780000000,0x0000000783000000,0x0000000783000000)
  from space 8192K, 75% used [0x0000000783000000,0x0000000783604778,0x0000000783800000)
  to   space 8192K, 0% used [0x0000000783800000,0x0000000783800000,0x0000000784000000)
 ParOldGen       total 131072K, used 8K [0x0000000700000000, 0x0000000708000000, 0x0000000780000000)
  object space 131072K, 0% used [0x0000000700000000,0x0000000700002000,0x0000000708000000)
 Metaspace       used 12795K, capacity 12924K, committed 13184K, reserved 1060864K
  class space    used 1531K, capacity 1553K, committed 1664K, reserved 1048576K
Event: 6.343 GC heap after
Heap after GC invocations=2 (full 0):
 PSYoungGen      total 57344K, used 8174K [0x0000000780000000, 0x0000000784000000, 0x00000007c0000000)
  eden space 49152K, 0% used [0x0000000780000000,0x0000000780000000,0x0000000783000000)
  from space 8192K, 99% used [0x0000000783800000,0x0000000783ffb838,0x0000000784000000)
  to   space 8192K, 0% used [0x0000000783000000,0x0000000783000000,0x0000000783800000)
 ParOldGen       total 131072K, used 866K [0x0000000700000000, 0x0000000708000000, 0x0000000780000000)
  object space 131072K, 0% used [0x0000000700000000,0x00000007000d8870,0x0000000708000000)
 Metaspace       used 12795K, capacity 12924K, committed 13184K, reserved 1060864K
  class space    used 1531K, capacity 1553K, committed 1664K, reserved 1048576K
}
Event: 8.710 GC heap before
{Heap before GC invocations=3 (full 0):
 PSYoungGen      total 57344K, used 57326K [0x0000000780000000, 0x0000000784000000, 0x00000007c0000000)
  eden space 49152K, 100% used [0x0000000780000000,0x0000000783000000,0x0000000783000000)
  from space 8192K, 99% used [0x0000000783800000,0x0000000783ffb838,0x0000000784000000)
  to   space 8192K, 0% used [0x0000000783000000,0x0000000783000000,0x0000000783800000)
 ParOldGen       total 131072K, used 866K [0x0000000700000000, 0x0000000708000000, 0x0000000780000000)
  object space 131072K, 0% used [0x0000000700000000,0x00000007000d8870,0x0000000708000000)
 Metaspace       used 13730K, capacity 13800K, committed 13952K, reserved 1060864K
  class space    used 1637K, capacity 1653K, committed 1664K, reserved 1048576K
Event: 8.737 GC heap after
Heap after GC invocations=3 (full 0):
 PSYoungGen      total 57344K, used 8171K [0x0000000780000000, 0x0000000784000000, 0x00000007c0000000)
  eden space 49152K, 0% used [0x0000000780000000,0x0000000780000000,0x0000000783000000)
  from space 8192K, 99% used [0x0000000783000000,0x00000007837fac18,0x0000000783800000)
  to   space 8192K, 0% used [0x0000000783800000,0x0000000783800000,0x0000000784000000)
 ParOldGen       total 131072K, used 2456K [0x0000000700000000, 0x0000000708000000, 0x0000000780000000)
  object space 131072K, 1% used [0x0000000700000000,0x00000007002662c8,0x0000000708000000)
 Metaspace       used 13730K, capacity 13800K, committed 13952K, reserved 1060864K
  class space    used 1637K, capacity 1653K, committed 1664K, reserved 1048576K
}
Event: 12.879 GC heap before
{Heap before GC invocations=4 (full 0):
 PSYoungGen      total 57344K, used 57323K [0x0000000780000000, 0x0000000784000000, 0x00000007c0000000)
  eden space 49152K, 100% used [0x0000000780000000,0x0000000783000000,0x0000000783000000)
  from space 8192K, 99% used [0x0000000783000000,0x00000007837fac18,0x0000000783800000)
  to   space 8192K, 0% used [0x0000000783800000,0x0000000783800000,0x0000000784000000)
 ParOldGen       total 131072K, used 2456K [0x0000000700000000, 0x0000000708000000, 0x0000000780000000)
  object space 131072K, 1% used [0x0000000700000000,0x00000007002662c8,0x0000000708000000)
 Metaspace       used 17640K, capacity 17838K, committed 18048K, reserved 1064960K
  class space    used 2072K, capacity 2126K, committed 2176K, reserved 1048576K
Event: 12.925 GC heap after
Heap after GC invocations=4 (full 0):
 PSYoungGen      total 57344K, used 8174K [0x0000000780000000, 0x0000000784000000, 0x00000007c0000000)
  eden space 49152K, 0% used [0x0000000780000000,0x0000000780000000,0x0000000783000000)
  from space 8192K, 99% used [0x0000000783800000,0x0000000783ffb910,0x0000000784000000)
  to   space 8192K, 0% used [0x0000000783000000,0x0000000783000000,0x0000000783800000)
 ParOldGen       total 131072K, used 11675K [0x0000000700000000, 0x0000000708000000, 0x0000000780000000)
  object space 131072K, 8% used [0x0000000700000000,0x0000000700b66f68,0x0000000708000000)
 Metaspace       used 17640K, capacity 17838K, committed 18048K, reserved 1064960K
  class space    used 2072K, capacity 2126K, committed 2176K, reserved 1048576K
}
Event: 18.160 GC heap before
{Heap before GC invocations=5 (full 0):
 PSYoungGen      total 57344K, used 57326K [0x0000000780000000, 0x0000000784000000, 0x00000007c0000000)
  eden space 49152K, 100% used [0x0000000780000000,0x0000000783000000,0x0000000783000000)
  from space 8192K, 99% used [0x0000000783800000,0x0000000783ffb910,0x0000000784000000)
  to   space 8192K, 0% used [0x0000000783000000,0x0000000783000000,0x0000000783800000)
 ParOldGen       total 131072K, used 11675K [0x0000000700000000, 0x0000000708000000, 0x0000000780000000)
  object space 131072K, 8% used [0x0000000700000000,0x0000000700b66f68,0x0000000708000000)
 Metaspace       used 17908K, capacity 18062K, committed 18304K, reserved 1064960K
  class space    used 2109K, capacity 2158K, committed 2176K, reserved 1048576K
Event: 18.232 GC heap after
Heap after GC invocations=5 (full 0):
 PSYoungGen      total 56320K, used 8171K [0x0000000780000000, 0x0000000787600000, 0x00000007c0000000)
  eden space 48128K, 0% used [0x0000000780000000,0x0000000780000000,0x0000000782f00000)
  from space 8192K, 99% used [0x0000000783000000,0x00000007837fafe8,0x0000000783800000)
  to   space 36352K, 0% used [0x0000000785280000,0x0000000785280000,0x0000000787600000)
 ParOldGen       total 131072K, used 42779K [0x0000000700000000, 0x0000000708000000, 0x0000000780000000)
  object space 131072K, 32% used [0x0000000700000000,0x00000007029c6fb0,0x0000000708000000)
 Metaspace       used 17908K, capacity 18062K, committed 18304K, reserved 1064960K
  class space    used 2109K, capacity 2158K, committed 2176K, reserved 1048576K
}

