# JRE version: Java(TM) SE Runtime Environment (8.0_281-b09) (build 1.8.0_281-b09)
# Java VM: Java HotSpot(TM) 64-Bit Server VM (25.281-b09 mixed mode windows-amd64 compressed oops)
Heap:
 PSYoungGen      total 58368K, used 35600K [0x0000000780000000, 0x0000000787900000, 0x00000007c0000000)
  eden space 48128K, 53% used [0x0000000780000000,0x000000078193ec98,0x0000000782f00000)
  from space 10240K, 95% used [0x0000000786f00000,0x0000000787885548,0x0000000787900000)
  to   space 14336K, 0% used [0x0000000785d00000,0x0000000785d00000,0x0000000786b00000)
 ParOldGen       total 131072K, used 10477K [0x0000000700000000, 0x0000000708000000, 0x0000000780000000)
  object space 131072K, 7% used [0x0000000700000000,0x0000000700a3b758,0x0000000708000000)
 Metaspace       used 18973K, capacity 19162K, committed 19328K, reserved 1067008K
  class space    used 2081K, capacity 2160K, committed 2176K, reserved 1048576K
GC Heap History (10 events):
Event: 5.363 GC heap before
{Heap before GC invocations=2 (full 0):
 PSYoungGen      total 57344K, used 55425K [0x0000000780000000, 0x0000000784000000, 0x00000007c0000000)
  eden space 49152K, 100% used [0x0000000780000000,0x0000000783000000,0x0000000783000000)
  from space 8192K, 76% used [0x0000000783000000,0x0000000783620768,0x0000000783800000)
  to   space 8192K, 0% used [0x0000000783800000,0x0000000783800000,0x0000000784000000)
 ParOldGen       total 131072K, used 8K [0x0000000700000000, 0x0000000708000000, 0x0000000780000000)
  object space 131072K, 0% used [0x0000000700000000,0x0000000700002000,0x0000000708000000)
 Metaspace       used 12762K, capacity 12796K, committed 12928K, reserved 1060864K
  class space    used 1530K, capacity 1553K, committed 1664K, reserved 1048576K
Event: 5.390 GC heap after
Heap after GC invocations=2 (full 0):
 PSYoungGen      total 57344K, used 8174K [0x0000000780000000, 0x0000000787000000, 0x00000007c0000000)
  eden space 49152K, 0% used [0x0000000780000000,0x0000000780000000,0x0000000783000000)
  from space 8192K, 99% used [0x0000000783800000,0x0000000783ffbb58,0x0000000784000000)
  to   space 8192K, 0% used [0x0000000783000000,0x0000000783000000,0x0000000783800000)
 ParOldGen       total 131072K, used 787K [0x0000000700000000, 0x0000000708000000, 0x0000000780000000)
  object space 131072K, 0% used [0x0000000700000000,0x00000007000c4d28,0x0000000708000000)
 Metaspace       used 12762K, capacity 12796K, committed 12928K, reserved 1060864K
  class space    used 1530K, capacity 1553K, committed 1664K, reserved 1048576K
}
Event: 7.079 GC heap before
{Heap before GC invocations=3 (full 0):
 PSYoungGen      total 57344K, used 57326K [0x0000000780000000, 0x0000000787000000, 0x00000007c0000000)
  eden space 49152K, 100% used [0x0000000780000000,0x0000000783000000,0x0000000783000000)
  from space 8192K, 99% used [0x0000000783800000,0x0000000783ffbb58,0x0000000784000000)
  to   space 8192K, 0% used [0x0000000783000000,0x0000000783000000,0x0000000783800000)
 ParOldGen       total 131072K, used 787K [0x0000000700000000, 0x0000000708000000, 0x0000000780000000)
  object space 131072K, 0% used [0x0000000700000000,0x00000007000c4d28,0x0000000708000000)
 Metaspace       used 13728K, capacity 13800K, committed 13952K, reserved 1060864K
  class space    used 1637K, capacity 1653K, committed 1664K, reserved 1048576K
Event: 7.097 GC heap after
Heap after GC invocations=3 (full 0):
 PSYoungGen      total 57344K, used 8177K [0x0000000780000000, 0x0000000784000000, 0x00000007c0000000)
  eden space 49152K, 0% used [0x0000000780000000,0x0000000780000000,0x0000000783000000)
  from space 8192K, 99% used [0x0000000783000000,0x00000007837fc518,0x0000000783800000)
  to   space 8192K, 0% used [0x0000000783800000,0x0000000783800000,0x0000000784000000)
 ParOldGen       total 131072K, used 2176K [0x0000000700000000, 0x0000000708000000, 0x0000000780000000)
  object space 131072K, 1% used [0x0000000700000000,0x0000000700220360,0x0000000708000000)
 Metaspace       used 13728K, capacity 13800K, committed 13952K, reserved 1060864K
  class space    used 1637K, capacity 1653K, committed 1664K, reserved 1048576K
}
Event: 9.400 GC heap before
{Heap before GC invocations=4 (full 0):
 PSYoungGen      total 57344K, used 57329K [0x0000000780000000, 0x0000000784000000, 0x00000007c0000000)
  eden space 49152K, 100% used [0x0000000780000000,0x0000000783000000,0x0000000783000000)
  from space 8192K, 99% used [0x0000000783000000,0x00000007837fc518,0x0000000783800000)
  to   space 8192K, 0% used [0x0000000783800000,0x0000000783800000,0x0000000784000000)
 ParOldGen       total 131072K, used 2176K [0x0000000700000000, 0x0000000708000000, 0x0000000780000000)
  object space 131072K, 1% used [0x0000000700000000,0x0000000700220360,0x0000000708000000)
 Metaspace       used 17866K, capacity 18062K, committed 18304K, reserved 1064960K
  class space    used 2062K, capacity 2158K, committed 2176K, reserved 1048576K
Event: 9.442 GC heap after
Heap after GC invocations=4 (full 0):
 PSYoungGen      total 57344K, used 8190K [0x0000000780000000, 0x0000000787000000, 0x00000007c0000000)
  eden space 49152K, 0% used [0x0000000780000000,0x0000000780000000,0x0000000783000000)
  from space 8192K, 99% used [0x0000000783800000,0x0000000783fff920,0x0000000784000000)
  to   space 8192K, 0% used [0x0000000783000000,0x0000000783000000,0x0000000783800000)
 ParOldGen       total 131072K, used 9382K [0x0000000700000000, 0x0000000708000000, 0x0000000780000000)
  object space 131072K, 7% used [0x0000000700000000,0x0000000700929a68,0x0000000708000000)
 Metaspace       used 17866K, capacity 18062K, committed 18304K, reserved 1064960K
  class space    used 2062K, capacity 2158K, committed 2176K, reserved 1048576K
}
Event: 11.438 GC heap before
{Heap before GC invocations=5 (full 0):
 PSYoungGen      total 57344K, used 57342K [0x0000000780000000, 0x0000000787000000, 0x00000007c0000000)
  eden space 49152K, 100% used [0x0000000780000000,0x0000000783000000,0x0000000783000000)
  from space 8192K, 99% used [0x0000000783800000,0x0000000783fff920,0x0000000784000000)
  to   space 8192K, 0% used [0x0000000783000000,0x0000000783000000,0x0000000783800000)
 ParOldGen       total 131072K, used 9382K [0x0000000700000000, 0x0000000708000000, 0x0000000780000000)
  object space 131072K, 7% used [0x0000000700000000,0x0000000700929a68,0x0000000708000000)
 Metaspace       used 18045K, capacity 18266K, committed 18304K, reserved 1064960K
  class space    used 2072K, capacity 2160K, committed 2176K, reserved 1048576K
Event: 11.456 GC heap after
Heap after GC invocations=5 (full 0):
 PSYoungGen      total 57344K, used 8168K [0x0000000780000000, 0x0000000787e00000, 0x00000007c0000000)
  eden space 49152K, 0% used [0x0000000780000000,0x0000000780000000,0x0000000783000000)
  from space 8192K, 99% used [0x0000000783000000,0x00000007837fa0d0,0x0000000783800000)
  to   space 15360K, 0% used [0x0000000786f00000,0x0000000786f00000,0x0000000787e00000)
 ParOldGen       total 131072K, used 10477K [0x0000000700000000, 0x0000000708000000, 0x0000000780000000)
  object space 131072K, 7% used [0x0000000700000000,0x0000000700a3b758,0x0000000708000000)
 Metaspace       used 18045K, capacity 18266K, committed 18304K, reserved 1064960K
  class space    used 2072K, capacity 2160K, committed 2176K, reserved 1048576K
}
Event: 49350.213 GC heap before
{Heap before GC invocations=6 (full 0):
 PSYoungGen      total 57344K, used 57320K [0x0000000780000000, 0x0000000787e00000, 0x00000007c0000000)
  eden space 49152K, 100% used [0x0000000780000000,0x0000000783000000,0x0000000783000000)
  from space 8192K, 99% used [0x0000000783000000,0x00000007837fa0d0,0x0000000783800000)
  to   space 15360K, 0% used [0x0000000786f00000,0x0000000786f00000,0x0000000787e00000)
 ParOldGen       total 131072K, used 10477K [0x0000000700000000, 0x0000000708000000, 0x0000000780000000)
  object space 131072K, 7% used [0x0000000700000000,0x0000000700a3b758,0x0000000708000000)
 Metaspace       used 18595K, capacity 18842K, committed 19072K, reserved 1067008K
  class space    used 2079K, capacity 2160K, committed 2176K, reserved 1048576K
Event: 49350.248 GC heap after
Heap after GC invocations=6 (full 0):
 PSYoungGen      total 58368K, used 9749K [0x0000000780000000, 0x0000000787900000, 0x00000007c0000000)
  eden space 48128K, 0% used [0x0000000780000000,0x0000000780000000,0x0000000782f00000)
  from space 10240K, 95% used [0x0000000786f00000,0x0000000787885548,0x0000000787900000)
  to   space 14336K, 0% used [0x0000000785d00000,0x0000000785d00000,0x0000000786b00000)
 ParOldGen       total 131072K, used 10477K [0x0000000700000000, 0x0000000708000000, 0x0000000780000000)
  object space 131072K, 7% used [0x0000000700000000,0x0000000700a3b758,0x0000000708000000)
 Metaspace       used 18595K, capacity 18842K, committed 19072K, reserved 1067008K
  class space    used 2079K, capacity 2160K, committed 2176K, reserved 1048576K
}

