# JRE version: Java(TM) SE Runtime Environment (8.0_281-b09) (build 1.8.0_281-b09)
# Java VM: Java HotSpot(TM) 64-Bit Server VM (25.281-b09 mixed mode windows-amd64 compressed oops)
Heap:
 PSYoungGen      total 103424K, used 36124K [0x0000000780000000, 0x0000000787b00000, 0x00000007c0000000)
  eden space 95232K, 29% used [0x0000000780000000,0x0000000781b47198,0x0000000785d00000)
  from space 8192K, 99% used [0x0000000786000000,0x00000007867ffff0,0x0000000786800000)
  to   space 15360K, 0% used [0x0000000786c00000,0x0000000786c00000,0x0000000787b00000)
 ParOldGen       total 131072K, used 11909K [0x0000000700000000, 0x0000000708000000, 0x0000000780000000)
  object space 131072K, 9% used [0x0000000700000000,0x0000000700ba15f0,0x0000000708000000)
 Metaspace       used 18978K, capacity 19162K, committed 19328K, reserved 1067008K
  class space    used 2082K, capacity 2160K, committed 2176K, reserved 1048576K
GC Heap History (10 events):
Event: 3.754 GC heap before
{Heap before GC invocations=1 (full 0):
 PSYoungGen      total 57344K, used 49152K [0x0000000780000000, 0x0000000784000000, 0x00000007c0000000)
  eden space 49152K, 100% used [0x0000000780000000,0x0000000783000000,0x0000000783000000)
  from space 8192K, 0% used [0x0000000783800000,0x0000000783800000,0x0000000784000000)
  to   space 8192K, 0% used [0x0000000783000000,0x0000000783000000,0x0000000783800000)
 ParOldGen       total 131072K, used 0K [0x0000000700000000, 0x0000000708000000, 0x0000000780000000)
  object space 131072K, 0% used [0x0000000700000000,0x0000000700000000,0x0000000708000000)
 Metaspace       used 9272K, capacity 9404K, committed 9600K, reserved 1058816K
  class space    used 1000K, capacity 1041K, committed 1152K, reserved 1048576K
Event: 3.765 GC heap after
Heap after GC invocations=1 (full 0):
 PSYoungGen      total 57344K, used 6178K [0x0000000780000000, 0x0000000784000000, 0x00000007c0000000)
  eden space 49152K, 0% used [0x0000000780000000,0x0000000780000000,0x0000000783000000)
  from space 8192K, 75% used [0x0000000783000000,0x0000000783608810,0x0000000783800000)
  to   space 8192K, 0% used [0x0000000783800000,0x0000000783800000,0x0000000784000000)
 ParOldGen       total 131072K, used 8K [0x0000000700000000, 0x0000000708000000, 0x0000000780000000)
  object space 131072K, 0% used [0x0000000700000000,0x0000000700002000,0x0000000708000000)
 Metaspace       used 9272K, capacity 9404K, committed 9600K, reserved 1058816K
  class space    used 1000K, capacity 1041K, committed 1152K, reserved 1048576K
}
Event: 5.002 GC heap before
{Heap before GC invocations=2 (full 0):
 PSYoungGen      total 57344K, used 55330K [0x0000000780000000, 0x0000000784000000, 0x00000007c0000000)
  eden space 49152K, 100% used [0x0000000780000000,0x0000000783000000,0x0000000783000000)
  from space 8192K, 75% used [0x0000000783000000,0x0000000783608810,0x0000000783800000)
  to   space 8192K, 0% used [0x0000000783800000,0x0000000783800000,0x0000000784000000)
 ParOldGen       total 131072K, used 8K [0x0000000700000000, 0x0000000708000000, 0x0000000780000000)
  object space 131072K, 0% used [0x0000000700000000,0x0000000700002000,0x0000000708000000)
 Metaspace       used 12785K, capacity 12860K, committed 13184K, reserved 1060864K
  class space    used 1532K, capacity 1553K, committed 1664K, reserved 1048576K
Event: 5.021 GC heap after
Heap after GC invocations=2 (full 0):
 PSYoungGen      total 57344K, used 8172K [0x0000000780000000, 0x0000000784000000, 0x00000007c0000000)
  eden space 49152K, 0% used [0x0000000780000000,0x0000000780000000,0x0000000783000000)
  from space 8192K, 99% used [0x0000000783800000,0x0000000783ffb0a0,0x0000000784000000)
  to   space 8192K, 0% used [0x0000000783000000,0x0000000783000000,0x0000000783800000)
 ParOldGen       total 131072K, used 886K [0x0000000700000000, 0x0000000708000000, 0x0000000780000000)
  object space 131072K, 0% used [0x0000000700000000,0x00000007000dda30,0x0000000708000000)
 Metaspace       used 12785K, capacity 12860K, committed 13184K, reserved 1060864K
  class space    used 1532K, capacity 1553K, committed 1664K, reserved 1048576K
}
Event: 6.503 GC heap before
{Heap before GC invocations=3 (full 0):
 PSYoungGen      total 57344K, used 57324K [0x0000000780000000, 0x0000000784000000, 0x00000007c0000000)
  eden space 49152K, 100% used [0x0000000780000000,0x0000000783000000,0x0000000783000000)
  from space 8192K, 99% used [0x0000000783800000,0x0000000783ffb0a0,0x0000000784000000)
  to   space 8192K, 0% used [0x0000000783000000,0x0000000783000000,0x0000000783800000)
 ParOldGen       total 131072K, used 886K [0x0000000700000000, 0x0000000708000000, 0x0000000780000000)
  object space 131072K, 0% used [0x0000000700000000,0x00000007000dda30,0x0000000708000000)
 Metaspace       used 13730K, capacity 13800K, committed 13952K, reserved 1060864K
  class space    used 1637K, capacity 1653K, committed 1664K, reserved 1048576K
Event: 6.527 GC heap after
Heap after GC invocations=3 (full 0):
 PSYoungGen      total 57344K, used 8175K [0x0000000780000000, 0x0000000787000000, 0x00000007c0000000)
  eden space 49152K, 0% used [0x0000000780000000,0x0000000780000000,0x0000000783000000)
  from space 8192K, 99% used [0x0000000783000000,0x00000007837fbca0,0x0000000783800000)
  to   space 8192K, 0% used [0x0000000786800000,0x0000000786800000,0x0000000787000000)
 ParOldGen       total 131072K, used 2635K [0x0000000700000000, 0x0000000708000000, 0x0000000780000000)
  object space 131072K, 2% used [0x0000000700000000,0x0000000700292de8,0x0000000708000000)
 Metaspace       used 13730K, capacity 13800K, committed 13952K, reserved 1060864K
  class space    used 1637K, capacity 1653K, committed 1664K, reserved 1048576K
}
Event: 8.962 GC heap before
{Heap before GC invocations=4 (full 0):
 PSYoungGen      total 57344K, used 57327K [0x0000000780000000, 0x0000000787000000, 0x00000007c0000000)
  eden space 49152K, 100% used [0x0000000780000000,0x0000000783000000,0x0000000783000000)
  from space 8192K, 99% used [0x0000000783000000,0x00000007837fbca0,0x0000000783800000)
  to   space 8192K, 0% used [0x0000000786800000,0x0000000786800000,0x0000000787000000)
 ParOldGen       total 131072K, used 2635K [0x0000000700000000, 0x0000000708000000, 0x0000000780000000)
  object space 131072K, 2% used [0x0000000700000000,0x0000000700292de8,0x0000000708000000)
 Metaspace       used 17866K, capacity 18062K, committed 18304K, reserved 1064960K
  class space    used 2062K, capacity 2158K, committed 2176K, reserved 1048576K
Event: 9.011 GC heap after
Heap after GC invocations=4 (full 0):
 PSYoungGen      total 106496K, used 8168K [0x0000000780000000, 0x0000000787000000, 0x00000007c0000000)
  eden space 98304K, 0% used [0x0000000780000000,0x0000000780000000,0x0000000786000000)
  from space 8192K, 99% used [0x0000000786800000,0x0000000786ffa2f0,0x0000000787000000)
  to   space 8192K, 0% used [0x0000000786000000,0x0000000786000000,0x0000000786800000)
 ParOldGen       total 131072K, used 9406K [0x0000000700000000, 0x0000000708000000, 0x0000000780000000)
  object space 131072K, 7% used [0x0000000700000000,0x000000070092fb10,0x0000000708000000)
 Metaspace       used 17866K, capacity 18062K, committed 18304K, reserved 1064960K
  class space    used 2062K, capacity 2158K, committed 2176K, reserved 1048576K
}
Event: 48757.105 GC heap before
{Heap before GC invocations=5 (full 0):
 PSYoungGen      total 106496K, used 106472K [0x0000000780000000, 0x0000000787000000, 0x00000007c0000000)
  eden space 98304K, 100% used [0x0000000780000000,0x0000000786000000,0x0000000786000000)
  from space 8192K, 99% used [0x0000000786800000,0x0000000786ffa2f0,0x0000000787000000)
  to   space 8192K, 0% used [0x0000000786000000,0x0000000786000000,0x0000000786800000)
 ParOldGen       total 131072K, used 9406K [0x0000000700000000, 0x0000000708000000, 0x0000000780000000)
  object space 131072K, 7% used [0x0000000700000000,0x000000070092fb10,0x0000000708000000)
 Metaspace       used 18600K, capacity 18842K, committed 19072K, reserved 1067008K
  class space    used 2079K, capacity 2160K, committed 2176K, reserved 1048576K
Event: 48757.134 GC heap after
Heap after GC invocations=5 (full 0):
 PSYoungGen      total 103424K, used 8191K [0x0000000780000000, 0x0000000787b00000, 0x00000007c0000000)
  eden space 95232K, 0% used [0x0000000780000000,0x0000000780000000,0x0000000785d00000)
  from space 8192K, 99% used [0x0000000786000000,0x00000007867ffff0,0x0000000786800000)
  to   space 15360K, 0% used [0x0000000786c00000,0x0000000786c00000,0x0000000787b00000)
 ParOldGen       total 131072K, used 11909K [0x0000000700000000, 0x0000000708000000, 0x0000000780000000)
  object space 131072K, 9% used [0x0000000700000000,0x0000000700ba15f0,0x0000000708000000)
 Metaspace       used 18600K, capacity 18842K, committed 19072K, reserved 1067008K
  class space    used 2079K, capacity 2160K, committed 2176K, reserved 1048576K
}

