# JRE version: Java(TM) SE Runtime Environment (8.0_281-b09) (build 1.8.0_281-b09)
# Java VM: Java HotSpot(TM) 64-Bit Server VM (25.281-b09 mixed mode windows-amd64 compressed oops)
Heap:
 PSYoungGen      total 57344K, used 38185K [0x0000000780000000, 0x0000000787000000, 0x00000007c0000000)
  eden space 49152K, 61% used [0x0000000780000000,0x0000000781d50c30,0x0000000783000000)
  from space 8192K, 99% used [0x0000000783000000,0x00000007837f98a0,0x0000000783800000)
  to   space 8192K, 0% used [0x0000000786800000,0x0000000786800000,0x0000000787000000)
 ParOldGen       total 131072K, used 2479K [0x0000000700000000, 0x0000000708000000, 0x0000000780000000)
  object space 131072K, 1% used [0x0000000700000000,0x000000070026bd88,0x0000000708000000)
 Metaspace       used 15425K, capacity 15544K, committed 15744K, reserved 1062912K
  class space    used 1849K, capacity 1877K, committed 1920K, reserved 1048576K
GC Heap History (6 events):
Event: 3.360 GC heap before
{Heap before GC invocations=1 (full 0):
 PSYoungGen      total 57344K, used 49152K [0x0000000780000000, 0x0000000784000000, 0x00000007c0000000)
  eden space 49152K, 100% used [0x0000000780000000,0x0000000783000000,0x0000000783000000)
  from space 8192K, 0% used [0x0000000783800000,0x0000000783800000,0x0000000784000000)
  to   space 8192K, 0% used [0x0000000783000000,0x0000000783000000,0x0000000783800000)
 ParOldGen       total 131072K, used 0K [0x0000000700000000, 0x0000000708000000, 0x0000000780000000)
  object space 131072K, 0% used [0x0000000700000000,0x0000000700000000,0x0000000708000000)
 Metaspace       used 9105K, capacity 9260K, committed 9600K, reserved 1058816K
  class space    used 1009K, capacity 1041K, committed 1152K, reserved 1048576K
Event: 3.373 GC heap after
Heap after GC invocations=1 (full 0):
 PSYoungGen      total 57344K, used 5986K [0x0000000780000000, 0x0000000784000000, 0x00000007c0000000)
  eden space 49152K, 0% used [0x0000000780000000,0x0000000780000000,0x0000000783000000)
  from space 8192K, 73% used [0x0000000783000000,0x00000007835d8890,0x0000000783800000)
  to   space 8192K, 0% used [0x0000000783800000,0x0000000783800000,0x0000000784000000)
 ParOldGen       total 131072K, used 16K [0x0000000700000000, 0x0000000708000000, 0x0000000780000000)
  object space 131072K, 0% used [0x0000000700000000,0x0000000700004000,0x0000000708000000)
 Metaspace       used 9105K, capacity 9260K, committed 9600K, reserved 1058816K
  class space    used 1009K, capacity 1041K, committed 1152K, reserved 1048576K
}
Event: 4.719 GC heap before
{Heap before GC invocations=2 (full 0):
 PSYoungGen      total 57344K, used 55138K [0x0000000780000000, 0x0000000784000000, 0x00000007c0000000)
  eden space 49152K, 100% used [0x0000000780000000,0x0000000783000000,0x0000000783000000)
  from space 8192K, 73% used [0x0000000783000000,0x00000007835d8890,0x0000000783800000)
  to   space 8192K, 0% used [0x0000000783800000,0x0000000783800000,0x0000000784000000)
 ParOldGen       total 131072K, used 16K [0x0000000700000000, 0x0000000708000000, 0x0000000780000000)
  object space 131072K, 0% used [0x0000000700000000,0x0000000700004000,0x0000000708000000)
 Metaspace       used 12545K, capacity 12652K, committed 12928K, reserved 1060864K
  class space    used 1529K, capacity 1553K, committed 1664K, reserved 1048576K
Event: 4.752 GC heap after
Heap after GC invocations=2 (full 0):
 PSYoungGen      total 57344K, used 8172K [0x0000000780000000, 0x0000000787000000, 0x00000007c0000000)
  eden space 49152K, 0% used [0x0000000780000000,0x0000000780000000,0x0000000783000000)
  from space 8192K, 99% used [0x0000000783800000,0x0000000783ffb260,0x0000000784000000)
  to   space 8192K, 0% used [0x0000000783000000,0x0000000783000000,0x0000000783800000)
 ParOldGen       total 131072K, used 872K [0x0000000700000000, 0x0000000708000000, 0x0000000780000000)
  object space 131072K, 0% used [0x0000000700000000,0x00000007000da170,0x0000000708000000)
 Metaspace       used 12545K, capacity 12652K, committed 12928K, reserved 1060864K
  class space    used 1529K, capacity 1553K, committed 1664K, reserved 1048576K
}
Event: 6.135 GC heap before
{Heap before GC invocations=3 (full 0):
 PSYoungGen      total 57344K, used 57324K [0x0000000780000000, 0x0000000787000000, 0x00000007c0000000)
  eden space 49152K, 100% used [0x0000000780000000,0x0000000783000000,0x0000000783000000)
  from space 8192K, 99% used [0x0000000783800000,0x0000000783ffb260,0x0000000784000000)
  to   space 8192K, 0% used [0x0000000783000000,0x0000000783000000,0x0000000783800000)
 ParOldGen       total 131072K, used 872K [0x0000000700000000, 0x0000000708000000, 0x0000000780000000)
  object space 131072K, 0% used [0x0000000700000000,0x00000007000da170,0x0000000708000000)
 Metaspace       used 13488K, capacity 13592K, committed 13696K, reserved 1060864K
  class space    used 1634K, capacity 1653K, committed 1664K, reserved 1048576K
Event: 6.147 GC heap after
Heap after GC invocations=3 (full 0):
 PSYoungGen      total 57344K, used 8166K [0x0000000780000000, 0x0000000787000000, 0x00000007c0000000)
  eden space 49152K, 0% used [0x0000000780000000,0x0000000780000000,0x0000000783000000)
  from space 8192K, 99% used [0x0000000783000000,0x00000007837f98a0,0x0000000783800000)
  to   space 8192K, 0% used [0x0000000786800000,0x0000000786800000,0x0000000787000000)
 ParOldGen       total 131072K, used 2479K [0x0000000700000000, 0x0000000708000000, 0x0000000780000000)
  object space 131072K, 1% used [0x0000000700000000,0x000000070026bd88,0x0000000708000000)
 Metaspace       used 13488K, capacity 13592K, committed 13696K, reserved 1060864K
  class space    used 1634K, capacity 1653K, committed 1664K, reserved 1048576K
}

